0 info it worked if it ends with ok
1 verbose cli [ '/home/halsn/.nvm/versions/node/v7.7.3/bin/node',
1 verbose cli   '/home/halsn/.nvm/versions/node/v7.7.3/bin/npm',
1 verbose cli   'run',
1 verbose cli   'precommit' ]
2 info using npm@4.1.2
3 info using node@v7.7.3
4 verbose run-script [ 'precommit' ]
5 info lifecycle @~precommit: @
6 verbose lifecycle @~precommit: unsafe-perm in lifecycle true
7 verbose lifecycle @~precommit: PATH: /home/halsn/.nvm/versions/node/v7.7.3/lib/node_modules/npm/bin/node-gyp-bin:/home/halsn/Documents/shutao/node_modules/.bin:/home/halsn/.yarn/bin:/home/halsn/.nvm/versions/node/v7.7.3/bin:/home/halsn/.yarn/bin:/home/halsn/bin:/home/halsn/.local/bin:/usr/local/sbin:/usr/local/bin:/usr/sbin:/usr/bin:/sbin:/bin:/usr/games:/usr/local/games:/snap/bin
8 verbose lifecycle @~precommit: CWD: /home/halsn/Documents/shutao
9 silly lifecycle @~precommit: Args: [ '-c', 'npm run lint' ]
10 silly lifecycle @~precommit: Returned: code: 1  signal: null
11 info lifecycle @~precommit: Failed to exec precommit script
12 verbose stack Error: @ precommit: `npm run lint`
12 verbose stack Exit status 1
12 verbose stack     at EventEmitter.<anonymous> (/home/halsn/.nvm/versions/node/v7.7.3/lib/node_modules/npm/lib/utils/lifecycle.js:279:16)
12 verbose stack     at emitTwo (events.js:106:13)
12 verbose stack     at EventEmitter.emit (events.js:194:7)
12 verbose stack     at ChildProcess.<anonymous> (/home/halsn/.nvm/versions/node/v7.7.3/lib/node_modules/npm/lib/utils/spawn.js:40:14)
12 verbose stack     at emitTwo (events.js:106:13)
12 verbose stack     at ChildProcess.emit (events.js:194:7)
12 verbose stack     at maybeClose (internal/child_process.js:899:16)
12 verbose stack     at Process.ChildProcess._handle.onexit (internal/child_process.js:226:5)
13 verbose pkgid @
14 verbose cwd /home/halsn/Documents/shutao
15 error Linux 4.4.0-66-generic
16 error argv "/home/halsn/.nvm/versions/node/v7.7.3/bin/node" "/home/halsn/.nvm/versions/node/v7.7.3/bin/npm" "run" "precommit"
17 error node v7.7.3
18 error npm  v4.1.2
19 error code ELIFECYCLE
20 error @ precommit: `npm run lint`
20 error Exit status 1
21 error Failed at the @ precommit script 'npm run lint'.
21 error Make sure you have the latest version of node.js and npm installed.
21 error If you do, this is most likely a problem with the  package,
21 error not with npm itself.
21 error Tell the author that this fails on your system:
21 error     npm run lint
21 error You can get information on how to open an issue for this project with:
21 error     npm bugs
21 error Or if that isn't available, you can get their info via:
21 error     npm owner ls
21 error There is likely additional logging output above.
22 verbose exit [ 1, true ]
